#
# A fatal error has been detected by the Java Runtime Environment:
#
#  SIGSEGV (0xb) at pc=0x00007fa395557e31, pid=4477, tid=0x00007fa37923a700
#
# JRE version: OpenJDK Runtime Environment (8.0_111-b16) (build 1.8.0_111-b16)
# Java VM: OpenJDK 64-Bit Server VM (25.111-b16 mixed mode linux-amd64 compressed oops)
# Problematic frame:
# C  [libR.so+0x141e31]  Rf_install+0x71
#
# Core dump written. Default location: /home/mfernandes/NetBeansProjects/testemavenserver/core or core.4477
#
# If you would like to submit a bug report, please visit:
#   http://bugreport.java.com/bugreport/crash.jsp
# The crash happened outside the Java Virtual Machine in native code.
# See problematic frame for where to report the bug.
#

---------------  T H R E A D  ---------------

Current thread (0x00007fa340003800):  JavaThread "Thread-2" daemon [_thread_in_native, id=4829, stack(0x00007fa37913a000,0x00007fa37923b000)]

siginfo: si_signo: 11 (SIGSEGV), si_code: 1 (SEGV_MAPERR), si_addr: 0x0000000000000020

Registers:
RAX=0x00007fa395a287b8, RBX=0x0000000000000000, RCX=0x00007fa395a28b98, RDX=0x00007fa320002d00
RSP=0x00007fa379237c00, RBP=0x00007fa395631d0d, RSI=0x000000000e005ed5, RDI=0x00007fa395631d1a
R8 =0x0000000000000000, R9 =0x00007fa3958e8d60, R10=0x00007fa31800fbf0, R11=0x00007fa3bb5625e0
R12=0x00007fa320001c28, R13=0x000000000e005e25, R14=0x0000000000005390, R15=0x00007fa340003a58
RIP=0x00007fa395557e31, EFLAGS=0x0000000000010297, CSGSFS=0x002b000000000033, ERR=0x0000000000000004
  TRAPNO=0x000000000000000e

Top of Stack: (sp=0x00007fa379237c00)
0x00007fa379237c00:   0000000000000031 0000000000000031
0x00007fa379237c10:   0000000066666667 00007fa31800ec78
0x00007fa379237c20:   00007fa3958d0d88 00007fa320002548
0x00007fa379237c30:   00007fa340003a58 00007fa39555865e
0x00007fa379237c40:   00007fa3958d0500 0000000000000002
0x00007fa379237c50:   00007fa318000ce0 00007fa379239980
0x00007fa379237c60:   00007fa318000a38 00007fa39554ae13
0x00007fa379237c70:   0000000000000000 0000000000000000
0x00007fa379237c80:   0000000000000000 0000000000000000
0x00007fa379237c90:   0000000000000000 0000000000000000
0x00007fa379237ca0:   0000000000000000 0000000000000000
0x00007fa379237cb0:   0000000000000000 0000000000000000
0x00007fa379237cc0:   0000000000000000 0000000000000000
0x00007fa379237cd0:   0000000000000000 0000000000000000
0x00007fa379237ce0:   0000000000000000 0000000000000000
0x00007fa379237cf0:   0000000000000000 0000000000000000
0x00007fa379237d00:   0000000000000000 0000000000000000
0x00007fa379237d10:   0000000000000000 0000000000000000
0x00007fa379237d20:   0000000000000000 0000000000000000
0x00007fa379237d30:   0000000000000000 0000000000000000
0x00007fa379237d40:   0000000000000000 0000000000000000
0x00007fa379237d50:   0000000000000000 0000000000000000
0x00007fa379237d60:   0000000000000000 0000000000000000
0x00007fa379237d70:   0000000000000000 0000000000000000
0x00007fa379237d80:   0000000000000000 0000000000000000
0x00007fa379237d90:   0000000000000000 0000000000000000
0x00007fa379237da0:   0000000000000000 0000000000000000
0x00007fa379237db0:   0000000000000000 0000000000000000
0x00007fa379237dc0:   0000000000000000 0000000000000000
0x00007fa379237dd0:   0000000000000000 0000000000000000
0x00007fa379237de0:   0000000000000000 0000000000000000
0x00007fa379237df0:   0000000000000000 0000000000000000 

Instructions: (pc=0x00007fa395557e31)
0x00007fa395557e11:   48 8b 05 68 44 37 00 4c 8b 20 4c 39 e3 75 11 eb
0x00007fa395557e21:   3e 66 0f 1f 44 00 00 48 8b 5b 28 4c 39 e3 74 2f
0x00007fa395557e31:   4c 8b 7b 20 48 89 ef 49 8b 47 20 48 8d 70 28 e8
0x00007fa395557e41:   4b 44 f2 ff 85 c0 75 df 48 83 c4 08 4c 89 f8 5b 

Register to memory mapping:

RAX=0x00007fa395a287b8: R_NilValue+0 in /usr/lib64/R/lib/libR.so at 0x00007fa395416000
RBX=0x0000000000000000 is an unknown value
RCX=0x00007fa395a28b98: <offset 0x612b98> in /usr/lib64/R/lib/libR.so at 0x00007fa395416000
RDX=0x00007fa320002d00 is an unknown value
RSP=0x00007fa379237c00 is pointing into the stack for thread: 0x00007fa340003800
RBP=0x00007fa395631d0d: <offset 0x21bd0d> in /usr/lib64/R/lib/libR.so at 0x00007fa395416000
RSI=0x000000000e005ed5 is an unknown value
RDI=0x00007fa395631d1a: <offset 0x21bd1a> in /usr/lib64/R/lib/libR.so at 0x00007fa395416000
R8 =0x0000000000000000 is an unknown value
R9 =0x00007fa3958e8d60: <offset 0x4d2d60> in /usr/lib64/R/lib/libR.so at 0x00007fa395416000
R10=0x00007fa31800fbf0 is an unknown value
R11=0x00007fa3bb5625e0: <offset 0x1745e0> in /lib64/libc.so.6 at 0x00007fa3bb3ee000
R12=0x00007fa320001c28 is an unknown value
R13=0x000000000e005e25 is an unknown value
R14=0x0000000000005390 is an unknown value
R15=0x00007fa340003a58 is an unknown value


Stack: [0x00007fa37913a000,0x00007fa37923b000],  sp=0x00007fa379237c00,  free space=1015k
Native frames: (J=compiled Java code, j=interpreted, Vv=VM code, C=native code)
C  [libR.so+0x141e31]  Rf_install+0x71

Java frames: (J=compiled Java code, j=interpreted, Vv=VM code)
j  org.rosuda.JRI.Rengine.rniSetupR([Ljava/lang/String;)I+0
j  org.rosuda.JRI.Rengine.setupR([Ljava/lang/String;)I+2
j  org.rosuda.JRI.Rengine.run()V+30
v  ~StubRoutines::call_stub

---------------  P R O C E S S  ---------------

Java Threads: ( => current thread )
=>0x00007fa340003800 JavaThread "Thread-2" daemon [_thread_in_native, id=4829, stack(0x00007fa37913a000,0x00007fa37923b000)]
  0x00007fa34803f800 JavaThread "Thread-1" daemon [_thread_in_native, id=4828, stack(0x00007fa39400c000,0x00007fa39410d000)]
  0x00007fa3b4397000 JavaThread "Grizzly-worker(8)" daemon [_thread_blocked, id=4508, stack(0x00007fa395fb9000,0x00007fa3960ba000)]
  0x00007fa3b4395000 JavaThread "Grizzly-worker(7)" daemon [_thread_blocked, id=4507, stack(0x00007fa3960ba000,0x00007fa3961bb000)]
  0x00007fa3b4393000 JavaThread "Grizzly-worker(6)" daemon [_thread_blocked, id=4506, stack(0x00007fa3961bb000,0x00007fa3962bc000)]
  0x00007fa3b4391000 JavaThread "Grizzly-worker(5)" daemon [_thread_blocked, id=4505, stack(0x00007fa3962bc000,0x00007fa3963bd000)]
  0x00007fa3b438f800 JavaThread "Grizzly-worker(4)" daemon [_thread_blocked, id=4504, stack(0x00007fa3963bd000,0x00007fa3964be000)]
  0x00007fa3b438d800 JavaThread "Grizzly-worker(3)" daemon [_thread_in_vm, id=4503, stack(0x00007fa3964be000,0x00007fa3965bf000)]
  0x00007fa3b438b800 JavaThread "Grizzly-worker(2)" daemon [_thread_blocked, id=4502, stack(0x00007fa3965bf000,0x00007fa3966c0000)]
  0x00007fa3b4389800 JavaThread "Grizzly-worker(1)" daemon [_thread_in_Java, id=4501, stack(0x00007fa3966c0000,0x00007fa3967c1000)]
  0x00007fa3b4388000 JavaThread "grizzly-nio-kernel(5) SelectorRunner" daemon [_thread_in_native, id=4500, stack(0x00007fa3967c1000,0x00007fa3968c2000)]
  0x00007fa3b4386000 JavaThread "grizzly-nio-kernel(4) SelectorRunner" daemon [_thread_in_native, id=4499, stack(0x00007fa3968c2000,0x00007fa3969c3000)]
  0x00007fa3b4384800 JavaThread "grizzly-nio-kernel(3) SelectorRunner" daemon [_thread_in_native, id=4498, stack(0x00007fa3969c3000,0x00007fa396ac4000)]
  0x00007fa3b4383000 JavaThread "grizzly-nio-kernel(2) SelectorRunner" daemon [_thread_in_native, id=4497, stack(0x00007fa396ac4000,0x00007fa396bc5000)]
  0x00007fa3b4381800 JavaThread "grizzly-nio-kernel(1) SelectorRunner" daemon [_thread_in_native, id=4496, stack(0x00007fa396bc5000,0x00007fa396cc6000)]
  0x00007fa3b4341000 JavaThread "HttpServer-0" daemon [_thread_blocked, id=4495, stack(0x00007fa3970f1000,0x00007fa3971f2000)]
  0x00007fa3b40e1800 JavaThread "Service Thread" daemon [_thread_blocked, id=4493, stack(0x00007fa3972f3000,0x00007fa3973f4000)]
  0x00007fa3b40ce800 JavaThread "C1 CompilerThread2" daemon [_thread_blocked, id=4492, stack(0x00007fa3973f4000,0x00007fa3974f5000)]
  0x00007fa3b40cc800 JavaThread "C2 CompilerThread1" daemon [_thread_blocked, id=4491, stack(0x00007fa3974f5000,0x00007fa3975f6000)]
  0x00007fa3b40bf000 JavaThread "C2 CompilerThread0" daemon [_thread_blocked, id=4490, stack(0x00007fa3975f6000,0x00007fa3976f7000)]
  0x00007fa3b40bd000 JavaThread "Signal Dispatcher" daemon [_thread_blocked, id=4489, stack(0x00007fa3976f7000,0x00007fa3977f8000)]
  0x00007fa3b4093000 JavaThread "Finalizer" daemon [_thread_blocked, id=4488, stack(0x00007fa3977f8000,0x00007fa3978f9000)]
  0x00007fa3b408e800 JavaThread "Reference Handler" daemon [_thread_blocked, id=4487, stack(0x00007fa3978f9000,0x00007fa3979fa000)]
  0x00007fa3b400a000 JavaThread "main" [_thread_in_native, id=4480, stack(0x00007fa3bc0fa000,0x00007fa3bc1fb000)]

Other Threads:
  0x00007fa3b4085000 VMThread [stack: 0x00007fa3979fa000,0x00007fa397afb000] [id=4486]
  0x00007fa3b40f0000 WatcherThread [stack: 0x00007fa3971f2000,0x00007fa3972f3000] [id=4494]

VM state:not at safepoint (normal execution)

VM Mutex/Monitor currently owned by a thread: None

Heap:
 PSYoungGen      total 13824K, used 11778K [0x00000000f1000000, 0x00000000f1f00000, 0x0000000100000000)
  eden space 12288K, 83% used [0x00000000f1000000,0x00000000f1a064f8,0x00000000f1c00000)
  from space 1536K, 98% used [0x00000000f1c00000,0x00000000f1d7a5d0,0x00000000f1d80000)
  to   space 1536K, 0% used [0x00000000f1d80000,0x00000000f1d80000,0x00000000f1f00000)
 ParOldGen       total 31744K, used 1204K [0x00000000d3000000, 0x00000000d4f00000, 0x00000000f1000000)
  object space 31744K, 3% used [0x00000000d3000000,0x00000000d312d2e0,0x00000000d4f00000)
 Metaspace       used 10503K, capacity 10688K, committed 10752K, reserved 1058816K
  class space    used 1169K, capacity 1244K, committed 1280K, reserved 1048576K

Card table byte_map: [0x00007fa3b8c34000,0x00007fa3b8d9d000] byte_map_base: 0x00007fa3b859c000

Marking Bits: (ParMarkBitMap*) 0x00007fa3bb3d1820
 Begin Bits: [0x00007fa38e980000, 0x00007fa38f4c0000)
 End Bits:   [0x00007fa38f4c0000, 0x00007fa390000000)

Polling page: 0x00007fa3bc21d000

CodeCache: size=245760Kb used=2677Kb max_used=2682Kb free=243082Kb
 bounds [0x00007fa3a5000000, 0x00007fa3a52a0000, 0x00007fa3b4000000]
 total_blobs=1007 nmethods=679 adapters=243
 compilation: enabled

Compilation events (10 events):
Event: 150,255 Thread 0x00007fa3b40ce800  675       3       java.lang.String::compareTo (78 bytes)
Event: 150,261 Thread 0x00007fa3b40cc800  676 %     4       java.io.UnixFileSystem::normalize @ 10 (75 bytes)
Event: 150,263 Thread 0x00007fa3b40ce800 nmethod 675 0x00007fa3a5299390 code [0x00007fa3a5299520, 0x00007fa3a5299870]
Event: 150,263 Thread 0x00007fa3b40ce800  671       3       java.nio.CharBuffer::arrayOffset (35 bytes)
Event: 150,265 Thread 0x00007fa3b40ce800 nmethod 671 0x00007fa3a529c9d0 code [0x00007fa3a529cb60, 0x00007fa3a529ce78]
Event: 150,265 Thread 0x00007fa3b40ce800  670       1       org.glassfish.grizzly.http.util.Header::getLowerCaseBytes (5 bytes)
Event: 150,265 Thread 0x00007fa3b40ce800 nmethod 670 0x00007fa3a529c710 code [0x00007fa3a529c860, 0x00007fa3a529c970]
Event: 150,265 Thread 0x00007fa3b40ce800  674       1       org.glassfish.tyrus.core.uri.internal.UriComponent$PathSegmentImpl::getPath (5 bytes)
Event: 150,266 Thread 0x00007fa3b40ce800 nmethod 674 0x00007fa3a529c450 code [0x00007fa3a529c5a0, 0x00007fa3a529c6b0]
Event: 150,271 Thread 0x00007fa3b40cc800 nmethod 676% 0x00007fa3a529bd90 code [0x00007fa3a529bf00, 0x00007fa3a529c258]

GC Heap History (2 events):
Event: 0,520 GC heap before
{Heap before GC invocations=1 (full 0):
 PSYoungGen      total 13824K, used 12288K [0x00000000f1000000, 0x00000000f1f00000, 0x0000000100000000)
  eden space 12288K, 100% used [0x00000000f1000000,0x00000000f1c00000,0x00000000f1c00000)
  from space 1536K, 0% used [0x00000000f1d80000,0x00000000f1d80000,0x00000000f1f00000)
  to   space 1536K, 0% used [0x00000000f1c00000,0x00000000f1c00000,0x00000000f1d80000)
 ParOldGen       total 31744K, used 0K [0x00000000d3000000, 0x00000000d4f00000, 0x00000000f1000000)
  object space 31744K, 0% used [0x00000000d3000000,0x00000000d3000000,0x00000000d4f00000)
 Metaspace       used 6709K, capacity 6788K, committed 6912K, reserved 1056768K
  class space    used 720K, capacity 752K, committed 768K, reserved 1048576K
Event: 0,525 GC heap after
Heap after GC invocations=1 (full 0):
 PSYoungGen      total 13824K, used 1513K [0x00000000f1000000, 0x00000000f1f00000, 0x0000000100000000)
  eden space 12288K, 0% used [0x00000000f1000000,0x00000000f1000000,0x00000000f1c00000)
  from space 1536K, 98% used [0x00000000f1c00000,0x00000000f1d7a5d0,0x00000000f1d80000)
  to   space 1536K, 0% used [0x00000000f1d80000,0x00000000f1d80000,0x00000000f1f00000)
 ParOldGen       total 31744K, used 1204K [0x00000000d3000000, 0x00000000d4f00000, 0x00000000f1000000)
  object space 31744K, 3% used [0x00000000d3000000,0x00000000d312d2e0,0x00000000d4f00000)
 Metaspace       used 6709K, capacity 6788K, committed 6912K, reserved 1056768K
  class space    used 720K, capacity 752K, committed 768K, reserved 1048576K
}

Deoptimization events (2 events):
Event: 0,560 Thread 0x00007fa3b400a000 Uncommon trap: reason=unstable_if action=reinterpret pc=0x00007fa3a51e804c method=sun.misc.MetaIndex.mayContain(Ljava/lang/String;)Z @ 38
Event: 150,212 Thread 0x00007fa3b4389800 Uncommon trap: reason=unstable_if action=reinterpret pc=0x00007fa3a517510c method=java.lang.String.indexOf([CII[CIII)I @ 3

Internal exceptions (10 events):
Event: 0,673 Thread 0x00007fa3b400a000 Exception <a 'java/lang/ArrayIndexOutOfBoundsException'> (0x00000000f1381cb0) thrown at [/builddir/build/BUILD/java-1.8.0-openjdk-1.8.0.111-5.b16.fc25.x86_64/openjdk/hotspot/src/share/vm/runtime/sharedRuntime.cpp, line 619]
Event: 0,674 Thread 0x00007fa3b400a000 Exception <a 'java/lang/ArrayIndexOutOfBoundsException'> (0x00000000f1388bc8) thrown at [/builddir/build/BUILD/java-1.8.0-openjdk-1.8.0.111-5.b16.fc25.x86_64/openjdk/hotspot/src/share/vm/runtime/sharedRuntime.cpp, line 619]
Event: 0,674 Thread 0x00007fa3b400a000 Exception <a 'java/lang/ArrayIndexOutOfBoundsException'> (0x00000000f138a460) thrown at [/builddir/build/BUILD/java-1.8.0-openjdk-1.8.0.111-5.b16.fc25.x86_64/openjdk/hotspot/src/share/vm/runtime/sharedRuntime.cpp, line 619]
Event: 0,674 Thread 0x00007fa3b400a000 Exception <a 'java/lang/ArrayIndexOutOfBoundsException'> (0x00000000f138e2a0) thrown at [/builddir/build/BUILD/java-1.8.0-openjdk-1.8.0.111-5.b16.fc25.x86_64/openjdk/hotspot/src/share/vm/runtime/sharedRuntime.cpp, line 619]
Event: 0,674 Thread 0x00007fa3b400a000 Exception <a 'java/lang/ArrayIndexOutOfBoundsException'> (0x00000000f138f2e0) thrown at [/builddir/build/BUILD/java-1.8.0-openjdk-1.8.0.111-5.b16.fc25.x86_64/openjdk/hotspot/src/share/vm/runtime/sharedRuntime.cpp, line 619]
Event: 0,675 Thread 0x00007fa3b400a000 Exception <a 'java/lang/ArrayIndexOutOfBoundsException'> (0x00000000f13906f0) thrown at [/builddir/build/BUILD/java-1.8.0-openjdk-1.8.0.111-5.b16.fc25.x86_64/openjdk/hotspot/src/share/vm/runtime/sharedRuntime.cpp, line 619]
Event: 0,675 Thread 0x00007fa3b400a000 Exception <a 'java/lang/ArrayIndexOutOfBoundsException'> (0x00000000f1391b30) thrown at [/builddir/build/BUILD/java-1.8.0-openjdk-1.8.0.111-5.b16.fc25.x86_64/openjdk/hotspot/src/share/vm/runtime/sharedRuntime.cpp, line 619]
Event: 0,675 Thread 0x00007fa3b400a000 Exception <a 'java/lang/ArrayIndexOutOfBoundsException'> (0x00000000f1392e80) thrown at [/builddir/build/BUILD/java-1.8.0-openjdk-1.8.0.111-5.b16.fc25.x86_64/openjdk/hotspot/src/share/vm/runtime/sharedRuntime.cpp, line 619]
Event: 150,107 Thread 0x00007fa3b4381800 Exception <a 'java/lang/NoSuchFieldError': method resolution failed> (0x00000000f14d8b98) thrown at [/builddir/build/BUILD/java-1.8.0-openjdk-1.8.0.111-5.b16.fc25.x86_64/openjdk/hotspot/src/share/vm/prims/methodHandles.cpp, line 1146]
Event: 150,110 Thread 0x00007fa3b4381800 Exception <a 'java/lang/NoSuchFieldError': method resolution failed> (0x00000000f14e6288) thrown at [/builddir/build/BUILD/java-1.8.0-openjdk-1.8.0.111-5.b16.fc25.x86_64/openjdk/hotspot/src/share/vm/prims/methodHandles.cpp, line 1146]

Events (10 events):
Event: 150,273 loading class java/lang/ClassLoaderHelper
Event: 150,273 loading class java/lang/ClassLoaderHelper done
Event: 150,311 loading class org/rosuda/JRI/Mutex
Event: 150,311 loading class org/rosuda/JRI/Mutex done
Event: 150,311 Executing VM operation: RevokeBias
Event: 150,311 Executing VM operation: RevokeBias done
Event: 150,313 Thread 0x00007fa34803f800 Thread added: 0x00007fa34803f800
Event: 150,313 Thread 0x00007fa340003800 Thread added: 0x00007fa340003800
Event: 150,313 Executing VM operation: RevokeBias
Event: 150,313 Executing VM operation: RevokeBias done


Dynamic libraries:
d3000000-d4f00000 rw-p 00000000 00:00 0 
d4f00000-f1000000 ---p 00000000 00:00 0 
f1000000-f1f00000 rw-p 00000000 00:00 0 
f1f00000-100000000 ---p 00000000 00:00 0 
100000000-100140000 rw-p 00000000 00:00 0 
100140000-140000000 ---p 00000000 00:00 0 
5603e35a6000-5603e35a7000 r-xp 00000000 fd:00 1452519                    /usr/lib/jvm/java-1.8.0-openjdk-1.8.0.111-5.b16.fc25.x86_64/bin/java
5603e37a6000-5603e37a7000 r--p 00000000 fd:00 1452519                    /usr/lib/jvm/java-1.8.0-openjdk-1.8.0.111-5.b16.fc25.x86_64/bin/java
5603e37a7000-5603e37a8000 rw-p 00001000 fd:00 1452519                    /usr/lib/jvm/java-1.8.0-openjdk-1.8.0.111-5.b16.fc25.x86_64/bin/java
5603e4916000-5603e4937000 rw-p 00000000 00:00 0                          [heap]
7fa318000000-7fa318021000 rw-p 00000000 00:00 0 
7fa318021000-7fa31c000000 ---p 00000000 00:00 0 
7fa320000000-7fa3201c3000 rw-p 00000000 00:00 0 
7fa3201c3000-7fa324000000 ---p 00000000 00:00 0 
7fa324000000-7fa324021000 rw-p 00000000 00:00 0 
7fa324021000-7fa328000000 ---p 00000000 00:00 0 
7fa32a583000-7fa32bdff000 r-xp 00000000 fd:00 1318828                    /usr/lib64/libicudata.so.57.1
7fa32bdff000-7fa32bffe000 ---p 0187c000 fd:00 1318828                    /usr/lib64/libicudata.so.57.1
7fa32bffe000-7fa32bfff000 r--p 0187b000 fd:00 1318828                    /usr/lib64/libicudata.so.57.1
7fa32bfff000-7fa32c000000 rw-p 00000000 00:00 0 
7fa32c000000-7fa32c021000 rw-p 00000000 00:00 0 
7fa32c021000-7fa330000000 ---p 00000000 00:00 0 
7fa330000000-7fa330021000 rw-p 00000000 00:00 0 
7fa330021000-7fa334000000 ---p 00000000 00:00 0 
7fa334000000-7fa334021000 rw-p 00000000 00:00 0 
7fa334021000-7fa338000000 ---p 00000000 00:00 0 
7fa338000000-7fa338021000 rw-p 00000000 00:00 0 
7fa338021000-7fa33c000000 ---p 00000000 00:00 0 
7fa33c000000-7fa33c021000 rw-p 00000000 00:00 0 
7fa33c021000-7fa340000000 ---p 00000000 00:00 0 
7fa340000000-7fa340021000 rw-p 00000000 00:00 0 
7fa340021000-7fa344000000 ---p 00000000 00:00 0 
7fa344000000-7fa344021000 rw-p 00000000 00:00 0 
7fa344021000-7fa348000000 ---p 00000000 00:00 0 
7fa348000000-7fa34804c000 rw-p 00000000 00:00 0 
7fa34804c000-7fa34c000000 ---p 00000000 00:00 0 
7fa34c000000-7fa34c021000 rw-p 00000000 00:00 0 
7fa34c021000-7fa350000000 ---p 00000000 00:00 0 
7fa350000000-7fa350021000 rw-p 00000000 00:00 0 
7fa350021000-7fa354000000 ---p 00000000 00:00 0 
7fa354000000-7fa354077000 rw-p 00000000 00:00 0 
7fa354077000-7fa358000000 ---p 00000000 00:00 0 
7fa358000000-7fa358021000 rw-p 00000000 00:00 0 
7fa358021000-7fa35c000000 ---p 00000000 00:00 0 
7fa35c000000-7fa35c021000 rw-p 00000000 00:00 0 
7fa35c021000-7fa360000000 ---p 00000000 00:00 0 
7fa360000000-7fa360021000 rw-p 00000000 00:00 0 
7fa360021000-7fa364000000 ---p 00000000 00:00 0 
7fa364000000-7fa364294000 rw-p 00000000 00:00 0 
7fa364294000-7fa368000000 ---p 00000000 00:00 0 
7fa368000000-7fa368021000 rw-p 00000000 00:00 0 
7fa368021000-7fa36c000000 ---p 00000000 00:00 0 
7fa36c000000-7fa36c11d000 rw-p 00000000 00:00 0 
7fa36c11d000-7fa370000000 ---p 00000000 00:00 0 
7fa370000000-7fa37012c000 rw-p 00000000 00:00 0 
7fa37012c000-7fa374000000 ---p 00000000 00:00 0 
7fa374000000-7fa374021000 rw-p 00000000 00:00 0 
7fa374021000-7fa378000000 ---p 00000000 00:00 0 
7fa378c0f000-7fa37913a000 rw-p 00000000 00:00 0 
7fa37913a000-7fa37913d000 ---p 00000000 00:00 0 
7fa37913d000-7fa37923b000 rw-p 00000000 00:00 0 
7fa37923b000-7fa379262000 r-xp 00000000 fd:00 1320453                    /usr/lib64/libtinfo.so.6.0
7fa379262000-7fa379462000 ---p 00027000 fd:00 1320453                    /usr/lib64/libtinfo.so.6.0
7fa379462000-7fa379466000 r--p 00027000 fd:00 1320453                    /usr/lib64/libtinfo.so.6.0
7fa379466000-7fa379467000 rw-p 0002b000 fd:00 1320453                    /usr/lib64/libtinfo.so.6.0
7fa379467000-7fa380000000 r--p 00000000 fd:00 1314727                    /usr/lib/locale/locale-archive
7fa380000000-7fa380021000 rw-p 00000000 00:00 0 
7fa380021000-7fa384000000 ---p 00000000 00:00 0 
7fa384000000-7fa384021000 rw-p 00000000 00:00 0 
7fa384021000-7fa388000000 ---p 00000000 00:00 0 
7fa388000000-7fa388021000 rw-p 00000000 00:00 0 
7fa388021000-7fa38c000000 ---p 00000000 00:00 0 
7fa38c030000-7fa38c06f000 r-xp 00000000 fd:00 1320331                    /usr/lib64/libreadline.so.6.3
7fa38c06f000-7fa38c26f000 ---p 0003f000 fd:00 1320331                    /usr/lib64/libreadline.so.6.3
7fa38c26f000-7fa38c272000 r--p 0003f000 fd:00 1320331                    /usr/lib64/libreadline.so.6.3
7fa38c272000-7fa38c278000 rw-p 00042000 fd:00 1320331                    /usr/lib64/libreadline.so.6.3
7fa38c278000-7fa38c279000 rw-p 00000000 00:00 0 
7fa38c279000-7fa38c2b8000 r-xp 00000000 fd:00 1315767                    /usr/lib64/libquadmath.so.0.0.0
7fa38c2b8000-7fa38c4b7000 ---p 0003f000 fd:00 1315767                    /usr/lib64/libquadmath.so.0.0.0
7fa38c4b7000-7fa38c4b8000 r--p 0003e000 fd:00 1315767                    /usr/lib64/libquadmath.so.0.0.0
7fa38c4b8000-7fa38c4b9000 rw-p 0003f000 fd:00 1315767                    /usr/lib64/libquadmath.so.0.0.0
7fa38c4b9000-7fa38c5e7000 r-xp 00000000 fd:00 1315769                    /usr/lib64/libgfortran.so.3.0.0
7fa38c5e7000-7fa38c7e7000 ---p 0012e000 fd:00 1315769                    /usr/lib64/libgfortran.so.3.0.0
7fa38c7e7000-7fa38c7e8000 r--p 0012e000 fd:00 1315769                    /usr/lib64/libgfortran.so.3.0.0
7fa38c7e8000-7fa38c7e9000 rw-p 0012f000 fd:00 1315769                    /usr/lib64/libgfortran.so.3.0.0
7fa38c7e9000-7fa38c7ea000 rw-p 00000000 00:00 0 
7fa38c7ea000-7fa38e75a000 r-xp 00000000 fd:00 1449249                    /usr/lib64/R/lib/libRblas.so
7fa38e75a000-7fa38e959000 ---p 01f70000 fd:00 1449249                    /usr/lib64/R/lib/libRblas.so
7fa38e959000-7fa38e95d000 r--p 01f6f000 fd:00 1449249                    /usr/lib64/R/lib/libRblas.so
7fa38e95d000-7fa38e975000 rw-p 01f73000 fd:00 1449249                    /usr/lib64/R/lib/libRblas.so
7fa38e975000-7fa390000000 rw-p 00000000 00:00 0 
7fa390000000-7fa390021000 rw-p 00000000 00:00 0 
7fa390021000-7fa394000000 ---p 00000000 00:00 0 
7fa39400c000-7fa39400f000 ---p 00000000 00:00 0 
7fa39400f000-7fa39410d000 rw-p 00000000 00:00 0 
7fa39410d000-7fa39413a000 r-xp 00000000 fd:00 1318730                    /usr/lib64/libgomp.so.1.0.0
7fa39413a000-7fa394339000 ---p 0002d000 fd:00 1318730                    /usr/lib64/libgomp.so.1.0.0
7fa394339000-7fa39433a000 r--p 0002c000 fd:00 1318730                    /usr/lib64/libgomp.so.1.0.0
7fa39433a000-7fa39433b000 rw-p 0002d000 fd:00 1318730                    /usr/lib64/libgomp.so.1.0.0
7fa39433b000-7fa3945a4000 r-xp 00000000 fd:00 1318829                    /usr/lib64/libicui18n.so.57.1
7fa3945a4000-7fa3947a4000 ---p 00269000 fd:00 1318829                    /usr/lib64/libicui18n.so.57.1
7fa3947a4000-7fa3947b2000 r--p 00269000 fd:00 1318829                    /usr/lib64/libicui18n.so.57.1
7fa3947b2000-7fa3947b3000 rw-p 00277000 fd:00 1318829                    /usr/lib64/libicui18n.so.57.1
7fa3947b3000-7fa394947000 r-xp 00000000 fd:00 1318835                    /usr/lib64/libicuuc.so.57.1
7fa394947000-7fa394b47000 ---p 00194000 fd:00 1318835                    /usr/lib64/libicuuc.so.57.1
7fa394b47000-7fa394b59000 r--p 00194000 fd:00 1318835                    /usr/lib64/libicuuc.so.57.1
7fa394b59000-7fa394b5a000 rw-p 001a6000 fd:00 1318835                    /usr/lib64/libicuuc.so.57.1
7fa394b5a000-7fa394b5c000 rw-p 00000000 00:00 0 
7fa394b5c000-7fa394b6b000 r-xp 00000000 fd:00 1318494                    /usr/lib64/libbz2.so.1.0.6
7fa394b6b000-7fa394d6a000 ---p 0000f000 fd:00 1318494                    /usr/lib64/libbz2.so.1.0.6
7fa394d6a000-7fa394d6b000 r--p 0000e000 fd:00 1318494                    /usr/lib64/libbz2.so.1.0.6
7fa394d6b000-7fa394d6c000 rw-p 0000f000 fd:00 1318494                    /usr/lib64/libbz2.so.1.0.6
7fa394d6c000-7fa394d91000 r-xp 00000000 fd:00 1320133                    /usr/lib64/liblzma.so.5.2.2
7fa394d91000-7fa394f90000 ---p 00025000 fd:00 1320133                    /usr/lib64/liblzma.so.5.2.2
7fa394f90000-7fa394f91000 r--p 00024000 fd:00 1320133                    /usr/lib64/liblzma.so.5.2.2
7fa394f91000-7fa394f92000 rw-p 00000000 00:00 0 
7fa394f92000-7fa395004000 r-xp 00000000 fd:00 1319014                    /usr/lib64/libpcre.so.1.2.8
7fa395004000-7fa395203000 ---p 00072000 fd:00 1319014                    /usr/lib64/libpcre.so.1.2.8
7fa395203000-7fa395204000 r--p 00071000 fd:00 1319014                    /usr/lib64/libpcre.so.1.2.8
7fa395204000-7fa395205000 rw-p 00072000 fd:00 1319014                    /usr/lib64/libpcre.so.1.2.8
7fa395205000-7fa395214000 r-xp 00000000 fd:00 1316523                    /usr/lib64/libtre.so.5.0.0
7fa395214000-7fa395414000 ---p 0000f000 fd:00 1316523                    /usr/lib64/libtre.so.5.0.0
7fa395414000-7fa395415000 r--p 0000f000 fd:00 1316523                    /usr/lib64/libtre.so.5.0.0
7fa395415000-7fa395416000 rw-p 00000000 00:00 0 
7fa395416000-7fa3956b0000 r-xp 00000000 fd:00 1450249                    /usr/lib64/R/lib/libR.so
7fa3956b0000-7fa3958af000 ---p 0029a000 fd:00 1450249                    /usr/lib64/R/lib/libR.so
7fa3958af000-7fa3958ce000 r--p 00299000 fd:00 1450249                    /usr/lib64/R/lib/libR.so
7fa3958ce000-7fa3958d8000 rw-p 002b8000 fd:00 1450249                    /usr/lib64/R/lib/libR.so
7fa3958d8000-7fa395a29000 rw-p 00000000 00:00 0 
7fa395a29000-7fa395a32000 r-xp 00000000 fd:02 10489411                   /home/mfernandes/R/x86_64-redhat-linux-gnu-library/3.3/rJava/jri/libjri.so
7fa395a32000-7fa395c31000 ---p 00009000 fd:02 10489411                   /home/mfernandes/R/x86_64-redhat-linux-gnu-library/3.3/rJava/jri/libjri.so
7fa395c31000-7fa395c32000 r--p 00008000 fd:02 10489411                   /home/mfernandes/R/x86_64-redhat-linux-gnu-library/3.3/rJava/jri/libjri.so
7fa395c32000-7fa395c33000 rw-p 00009000 fd:02 10489411                   /home/mfernandes/R/x86_64-redhat-linux-gnu-library/3.3/rJava/jri/libjri.so
7fa395c33000-7fa395ef9000 rw-p 00000000 00:00 0 
7fa395ef9000-7fa395fb9000 ---p 00000000 00:00 0 
7fa395fb9000-7fa395fbc000 ---p 00000000 00:00 0 
7fa395fbc000-7fa3960ba000 rw-p 00000000 00:00 0 
7fa3960ba000-7fa3960bd000 ---p 00000000 00:00 0 
7fa3960bd000-7fa3961bb000 rw-p 00000000 00:00 0 
7fa3961bb000-7fa3961be000 ---p 00000000 00:00 0 
7fa3961be000-7fa3962bc000 rw-p 00000000 00:00 0 
7fa3962bc000-7fa3962bf000 ---p 00000000 00:00 0 
7fa3962bf000-7fa3963bd000 rw-p 00000000 00:00 0 
7fa3963bd000-7fa3963c0000 ---p 00000000 00:00 0 
7fa3963c0000-7fa3964be000 rw-p 00000000 00:00 0 
7fa3964be000-7fa3964c1000 ---p 00000000 00:00 0 
7fa3964c1000-7fa3965bf000 rw-p 00000000 00:00 0 
7fa3965bf000-7fa3965c2000 ---p 00000000 00:00 0 
7fa3965c2000-7fa3966c0000 rw-p 00000000 00:00 0 
7fa3966c0000-7fa3966c3000 ---p 00000000 00:00 0 
7fa3966c3000-7fa3967c1000 rw-p 00000000 00:00 0 
7fa3967c1000-7fa3967c4000 ---p 00000000 00:00 0 
7fa3967c4000-7fa3968c2000 rw-p 00000000 00:00 0 
7fa3968c2000-7fa3968c5000 ---p 00000000 00:00 0 
7fa3968c5000-7fa3969c3000 rw-p 00000000 00:00 0 
7fa3969c3000-7fa3969c6000 ---p 00000000 00:00 0 
7fa3969c6000-7fa396ac4000 rw-p 00000000 00:00 0 
7fa396ac4000-7fa396ac7000 ---p 00000000 00:00 0 
7fa396ac7000-7fa396bc5000 rw-p 00000000 00:00 0 
7fa396bc5000-7fa396bc8000 ---p 00000000 00:00 0 
7fa396bc8000-7fa396cc6000 rw-p 00000000 00:00 0 
7fa396cc6000-7fa396cd7000 r-xp 00000000 fd:00 1711136                    /usr/lib/jvm/java-1.8.0-openjdk-1.8.0.111-5.b16.fc25.x86_64/jre/lib/amd64/libnio.so
7fa396cd7000-7fa396ed7000 ---p 00011000 fd:00 1711136                    /usr/lib/jvm/java-1.8.0-openjdk-1.8.0.111-5.b16.fc25.x86_64/jre/lib/amd64/libnio.so
7fa396ed7000-7fa396ed8000 r--p 00011000 fd:00 1711136                    /usr/lib/jvm/java-1.8.0-openjdk-1.8.0.111-5.b16.fc25.x86_64/jre/lib/amd64/libnio.so
7fa396ed8000-7fa396ed9000 rw-p 00012000 fd:00 1711136                    /usr/lib/jvm/java-1.8.0-openjdk-1.8.0.111-5.b16.fc25.x86_64/jre/lib/amd64/libnio.so
7fa396ed9000-7fa396ef0000 r-xp 00000000 fd:00 1711135                    /usr/lib/jvm/java-1.8.0-openjdk-1.8.0.111-5.b16.fc25.x86_64/jre/lib/amd64/libnet.so
7fa396ef0000-7fa3970ef000 ---p 00017000 fd:00 1711135                    /usr/lib/jvm/java-1.8.0-openjdk-1.8.0.111-5.b16.fc25.x86_64/jre/lib/amd64/libnet.so
7fa3970ef000-7fa3970f0000 r--p 00016000 fd:00 1711135                    /usr/lib/jvm/java-1.8.0-openjdk-1.8.0.111-5.b16.fc25.x86_64/jre/lib/amd64/libnet.so
7fa3970f0000-7fa3970f1000 rw-p 00017000 fd:00 1711135                    /usr/lib/jvm/java-1.8.0-openjdk-1.8.0.111-5.b16.fc25.x86_64/jre/lib/amd64/libnet.so
7fa3970f1000-7fa3970f4000 ---p 00000000 00:00 0 
7fa3970f4000-7fa3971f2000 rw-p 00000000 00:00 0 
7fa3971f2000-7fa3971f3000 ---p 00000000 00:00 0 
7fa3971f3000-7fa3972f3000 rw-p 00000000 00:00 0 
7fa3972f3000-7fa3972f6000 ---p 00000000 00:00 0 
7fa3972f6000-7fa3973f4000 rw-p 00000000 00:00 0 
7fa3973f4000-7fa3973f7000 ---p 00000000 00:00 0 
7fa3973f7000-7fa3974f5000 rw-p 00000000 00:00 0 
7fa3974f5000-7fa3974f8000 ---p 00000000 00:00 0 
7fa3974f8000-7fa3975f6000 rw-p 00000000 00:00 0 
7fa3975f6000-7fa3975f9000 ---p 00000000 00:00 0 
7fa3975f9000-7fa3976f7000 rw-p 00000000 00:00 0 
7fa3976f7000-7fa3976fa000 ---p 00000000 00:00 0 
7fa3976fa000-7fa3977f8000 rw-p 00000000 00:00 0 
7fa3977f8000-7fa3977fb000 ---p 00000000 00:00 0 
7fa3977fb000-7fa3978f9000 rw-p 00000000 00:00 0 
7fa3978f9000-7fa3978fc000 ---p 00000000 00:00 0 
7fa3978fc000-7fa3979fa000 rw-p 00000000 00:00 0 
7fa3979fa000-7fa3979fb000 ---p 00000000 00:00 0 
7fa3979fb000-7fa398000000 rw-p 00000000 00:00 0 
7fa398000000-7fa398021000 rw-p 00000000 00:00 0 
7fa398021000-7fa39c000000 ---p 00000000 00:00 0 
7fa39c000000-7fa39c021000 rw-p 00000000 00:00 0 
7fa39c021000-7fa3a0000000 ---p 00000000 00:00 0 
7fa3a0000000-7fa3a0021000 rw-p 00000000 00:00 0 
7fa3a0021000-7fa3a4000000 ---p 00000000 00:00 0 
7fa3a4000000-7fa3a4007000 r--s 00000000 fd:00 1708739                    /usr/lib64/gconv/gconv-modules.cache
7fa3a4007000-7fa3a406b000 rw-p 00000000 00:00 0 
7fa3a406b000-7fa3a4076000 r--s 0011c000 fd:00 1447653                    /usr/lib/jvm/java-1.8.0-openjdk-1.8.0.111-5.b16.fc25.x86_64/jre/lib/ext/localedata.jar
7fa3a4076000-7fa3a4091000 r--s 003b7000 fd:00 1448916                    /usr/lib/jvm/java-1.8.0-openjdk-1.8.0.111-5.b16.fc25.x86_64/jre/lib/ext/cldrdata.jar
7fa3a4091000-7fa3a40c2000 rw-p 00000000 00:00 0 
7fa3a40c2000-7fa3a40c7000 r--s 0004c000 fd:02 12190742                   /home/mfernandes/.m2/repository/org/glassfish/grizzly/grizzly-http/2.3.13/grizzly-http-2.3.13.jar
7fa3a40c7000-7fa3a40d8000 r--s 000c6000 fd:02 12190738                   /home/mfernandes/.m2/repository/org/glassfish/grizzly/grizzly-framework/2.3.13/grizzly-framework-2.3.13.jar
7fa3a40d8000-7fa3a5000000 rw-p 00000000 00:00 0 
7fa3a5000000-7fa3a52b0000 rwxp 00000000 00:00 0 
7fa3a52b0000-7fa3b4000000 ---p 00000000 00:00 0 
7fa3b4000000-7fa3b4441000 rw-p 00000000 00:00 0 
7fa3b4441000-7fa3b8000000 ---p 00000000 00:00 0 
7fa3b8000000-7fa3b8004000 r--s 000b0000 fd:00 1448919                    /usr/lib/jvm/java-1.8.0-openjdk-1.8.0.111-5.b16.fc25.x86_64/jre/lib/jsse.jar
7fa3b8004000-7fa3b800a000 r--s 0003f000 fd:02 12190739                   /home/mfernandes/.m2/repository/org/glassfish/grizzly/grizzly-http-server/2.3.13/grizzly-http-server-2.3.13.jar
7fa3b800a000-7fa3b800c000 r--s 00004000 fd:02 12190737                   /home/mfernandes/.m2/repository/org/glassfish/tyrus/tyrus-container-grizzly-server/1.7/tyrus-container-grizzly-server-1.7.jar
7fa3b800c000-7fa3b800e000 r--s 00009000 fd:02 12190735                   /home/mfernandes/.m2/repository/org/glassfish/tyrus/tyrus-container-grizzly-client/1.7/tyrus-container-grizzly-client-1.7.jar
7fa3b800e000-7fa3b8395000 rw-p 00000000 00:00 0 
7fa3b8395000-7fa3b8562000 r--s 043c9000 fd:00 1448925                    /usr/lib/jvm/java-1.8.0-openjdk-1.8.0.111-5.b16.fc25.x86_64/jre/lib/rt.jar
7fa3b8562000-7fa3b8740000 rw-p 00000000 00:00 0 
7fa3b8740000-7fa3b8741000 ---p 00000000 00:00 0 
7fa3b8741000-7fa3b8841000 rw-p 00000000 00:00 0 
7fa3b8841000-7fa3b8842000 ---p 00000000 00:00 0 
7fa3b8842000-7fa3b8942000 rw-p 00000000 00:00 0 
7fa3b8942000-7fa3b8943000 ---p 00000000 00:00 0 
7fa3b8943000-7fa3b8a43000 rw-p 00000000 00:00 0 
7fa3b8a43000-7fa3b8a44000 ---p 00000000 00:00 0 
7fa3b8a44000-7fa3b8b54000 rw-p 00000000 00:00 0 
7fa3b8b54000-7fa3b8c34000 ---p 00000000 00:00 0 
7fa3b8c34000-7fa3b8c44000 rw-p 00000000 00:00 0 
7fa3b8c44000-7fa3b8d24000 ---p 00000000 00:00 0 
7fa3b8d24000-7fa3b8d2c000 rw-p 00000000 00:00 0 
7fa3b8d2c000-7fa3b8d9c000 ---p 00000000 00:00 0 
7fa3b8d9c000-7fa3b8da8000 rw-p 00000000 00:00 0 
7fa3b8da8000-7fa3b915d000 ---p 00000000 00:00 0 
7fa3b915d000-7fa3b9165000 r-xp 00000000 fd:00 1711143                    /usr/lib/jvm/java-1.8.0-openjdk-1.8.0.111-5.b16.fc25.x86_64/jre/lib/amd64/libzip.so
7fa3b9165000-7fa3b9364000 ---p 00008000 fd:00 1711143                    /usr/lib/jvm/java-1.8.0-openjdk-1.8.0.111-5.b16.fc25.x86_64/jre/lib/amd64/libzip.so
7fa3b9364000-7fa3b9365000 r--p 00007000 fd:00 1711143                    /usr/lib/jvm/java-1.8.0-openjdk-1.8.0.111-5.b16.fc25.x86_64/jre/lib/amd64/libzip.so
7fa3b9365000-7fa3b9366000 rw-p 00000000 00:00 0 
7fa3b9366000-7fa3b9370000 r-xp 00000000 fd:00 1318973                    /usr/lib64/libnss_files-2.24.so
7fa3b9370000-7fa3b9570000 ---p 0000a000 fd:00 1318973                    /usr/lib64/libnss_files-2.24.so
7fa3b9570000-7fa3b9571000 r--p 0000a000 fd:00 1318973                    /usr/lib64/libnss_files-2.24.so
7fa3b9571000-7fa3b9572000 rw-p 0000b000 fd:00 1318973                    /usr/lib64/libnss_files-2.24.so
7fa3b9572000-7fa3b9578000 rw-p 00000000 00:00 0 
7fa3b9578000-7fa3b95a5000 r-xp 00000000 fd:00 1711125                    /usr/lib/jvm/java-1.8.0-openjdk-1.8.0.111-5.b16.fc25.x86_64/jre/lib/amd64/libjava.so
7fa3b95a5000-7fa3b97a5000 ---p 0002d000 fd:00 1711125                    /usr/lib/jvm/java-1.8.0-openjdk-1.8.0.111-5.b16.fc25.x86_64/jre/lib/amd64/libjava.so
7fa3b97a5000-7fa3b97a6000 r--p 0002d000 fd:00 1711125                    /usr/lib/jvm/java-1.8.0-openjdk-1.8.0.111-5.b16.fc25.x86_64/jre/lib/amd64/libjava.so
7fa3b97a6000-7fa3b97a7000 rw-p 0002e000 fd:00 1711125                    /usr/lib/jvm/java-1.8.0-openjdk-1.8.0.111-5.b16.fc25.x86_64/jre/lib/amd64/libjava.so
7fa3b97a7000-7fa3b97a8000 rw-p 00000000 00:00 0 
7fa3b97a8000-7fa3b97b5000 r-xp 00000000 fd:00 1711142                    /usr/lib/jvm/java-1.8.0-openjdk-1.8.0.111-5.b16.fc25.x86_64/jre/lib/amd64/libverify.so
7fa3b97b5000-7fa3b99b4000 ---p 0000d000 fd:00 1711142                    /usr/lib/jvm/java-1.8.0-openjdk-1.8.0.111-5.b16.fc25.x86_64/jre/lib/amd64/libverify.so
7fa3b99b4000-7fa3b99b6000 r--p 0000c000 fd:00 1711142                    /usr/lib/jvm/java-1.8.0-openjdk-1.8.0.111-5.b16.fc25.x86_64/jre/lib/amd64/libverify.so
7fa3b99b6000-7fa3b99b7000 rw-p 00000000 00:00 0 
7fa3b99b7000-7fa3b99be000 r-xp 00000000 fd:00 1319074                    /usr/lib64/librt-2.24.so
7fa3b99be000-7fa3b9bbd000 ---p 00007000 fd:00 1319074                    /usr/lib64/librt-2.24.so
7fa3b9bbd000-7fa3b9bbe000 r--p 00006000 fd:00 1319074                    /usr/lib64/librt-2.24.so
7fa3b9bbe000-7fa3b9bbf000 rw-p 00007000 fd:00 1319074                    /usr/lib64/librt-2.24.so
7fa3b9bbf000-7fa3b9bd5000 r-xp 00000000 fd:00 1321502                    /usr/lib64/libgcc_s-6.3.1-20161221.so.1
7fa3b9bd5000-7fa3b9dd4000 ---p 00016000 fd:00 1321502                    /usr/lib64/libgcc_s-6.3.1-20161221.so.1
7fa3b9dd4000-7fa3b9dd5000 r--p 00015000 fd:00 1321502                    /usr/lib64/libgcc_s-6.3.1-20161221.so.1
7fa3b9dd5000-7fa3b9dd6000 rw-p 00016000 fd:00 1321502                    /usr/lib64/libgcc_s-6.3.1-20161221.so.1
7fa3b9dd6000-7fa3b9ede000 r-xp 00000000 fd:00 1318584                    /usr/lib64/libm-2.24.so
7fa3b9ede000-7fa3ba0dd000 ---p 00108000 fd:00 1318584                    /usr/lib64/libm-2.24.so
7fa3ba0dd000-7fa3ba0de000 r--p 00107000 fd:00 1318584                    /usr/lib64/libm-2.24.so
7fa3ba0de000-7fa3ba0df000 rw-p 00108000 fd:00 1318584                    /usr/lib64/libm-2.24.so
7fa3ba0df000-7fa3ba257000 r-xp 00000000 fd:00 1319146                    /usr/lib64/libstdc++.so.6.0.22
7fa3ba257000-7fa3ba457000 ---p 00178000 fd:00 1319146                    /usr/lib64/libstdc++.so.6.0.22
7fa3ba457000-7fa3ba461000 r--p 00178000 fd:00 1319146                    /usr/lib64/libstdc++.so.6.0.22
7fa3ba461000-7fa3ba463000 rw-p 00182000 fd:00 1319146                    /usr/lib64/libstdc++.so.6.0.22
7fa3ba463000-7fa3ba467000 rw-p 00000000 00:00 0 
7fa3ba467000-7fa3bb100000 r-xp 00000000 fd:00 1711147                    /usr/lib/jvm/java-1.8.0-openjdk-1.8.0.111-5.b16.fc25.x86_64/jre/lib/amd64/server/libjvm.so
7fa3bb100000-7fa3bb2ff000 ---p 00c99000 fd:00 1711147                    /usr/lib/jvm/java-1.8.0-openjdk-1.8.0.111-5.b16.fc25.x86_64/jre/lib/amd64/server/libjvm.so
7fa3bb2ff000-7fa3bb395000 r--p 00c98000 fd:00 1711147                    /usr/lib/jvm/java-1.8.0-openjdk-1.8.0.111-5.b16.fc25.x86_64/jre/lib/amd64/server/libjvm.so
7fa3bb395000-7fa3bb3be000 rw-p 00d2e000 fd:00 1711147                    /usr/lib/jvm/java-1.8.0-openjdk-1.8.0.111-5.b16.fc25.x86_64/jre/lib/amd64/server/libjvm.so
7fa3bb3be000-7fa3bb3ee000 rw-p 00000000 00:00 0 
7fa3bb3ee000-7fa3bb5ab000 r-xp 00000000 fd:00 1318431                    /usr/lib64/libc-2.24.so
7fa3bb5ab000-7fa3bb7aa000 ---p 001bd000 fd:00 1318431                    /usr/lib64/libc-2.24.so
7fa3bb7aa000-7fa3bb7ae000 r--p 001bc000 fd:00 1318431                    /usr/lib64/libc-2.24.so
7fa3bb7ae000-7fa3bb7b0000 rw-p 001c0000 fd:00 1318431                    /usr/lib64/libc-2.24.so
7fa3bb7b0000-7fa3bb7b4000 rw-p 00000000 00:00 0 
7fa3bb7b4000-7fa3bb7b7000 r-xp 00000000 fd:00 1318528                    /usr/lib64/libdl-2.24.so
7fa3bb7b7000-7fa3bb9b6000 ---p 00003000 fd:00 1318528                    /usr/lib64/libdl-2.24.so
7fa3bb9b6000-7fa3bb9b7000 r--p 00002000 fd:00 1318528                    /usr/lib64/libdl-2.24.so
7fa3bb9b7000-7fa3bb9b8000 rw-p 00003000 fd:00 1318528                    /usr/lib64/libdl-2.24.so
7fa3bb9b8000-7fa3bb9c5000 r-xp 00000000 fd:00 1452568                    /usr/lib/jvm/java-1.8.0-openjdk-1.8.0.111-5.b16.fc25.x86_64/lib/amd64/jli/libjli.so
7fa3bb9c5000-7fa3bbbc5000 ---p 0000d000 fd:00 1452568                    /usr/lib/jvm/java-1.8.0-openjdk-1.8.0.111-5.b16.fc25.x86_64/lib/amd64/jli/libjli.so
7fa3bbbc5000-7fa3bbbc6000 r--p 0000d000 fd:00 1452568                    /usr/lib/jvm/java-1.8.0-openjdk-1.8.0.111-5.b16.fc25.x86_64/lib/amd64/jli/libjli.so
7fa3bbbc6000-7fa3bbbc7000 rw-p 00000000 00:00 0 
7fa3bbbc7000-7fa3bbbdc000 r-xp 00000000 fd:00 1320610                    /usr/lib64/libz.so.1.2.8
7fa3bbbdc000-7fa3bbddb000 ---p 00015000 fd:00 1320610                    /usr/lib64/libz.so.1.2.8
7fa3bbddb000-7fa3bbddc000 r--p 00014000 fd:00 1320610                    /usr/lib64/libz.so.1.2.8
7fa3bbddc000-7fa3bbddd000 rw-p 00015000 fd:00 1320610                    /usr/lib64/libz.so.1.2.8
7fa3bbddd000-7fa3bbdf5000 r-xp 00000000 fd:00 1318974                    /usr/lib64/libpthread-2.24.so
7fa3bbdf5000-7fa3bbff5000 ---p 00018000 fd:00 1318974                    /usr/lib64/libpthread-2.24.so
7fa3bbff5000-7fa3bbff6000 r--p 00018000 fd:00 1318974                    /usr/lib64/libpthread-2.24.so
7fa3bbff6000-7fa3bbff7000 rw-p 00019000 fd:00 1318974                    /usr/lib64/libpthread-2.24.so
7fa3bbff7000-7fa3bbffb000 rw-p 00000000 00:00 0 
7fa3bbffb000-7fa3bc020000 r-xp 00000000 fd:00 1321462                    /usr/lib64/ld-2.24.so
7fa3bc020000-7fa3bc021000 r--s 00013000 fd:02 12190761                   /home/mfernandes/.m2/repository/com/github/lucarosellini/rJava/JRI/0.9-7/JRI-0.9-7.jar
7fa3bc021000-7fa3bc023000 r--s 00002000 fd:02 12190747                   /home/mfernandes/.m2/repository/org/glassfish/tyrus/tyrus-spi/1.7/tyrus-spi-1.7.jar
7fa3bc023000-7fa3bc02a000 r--s 0004e000 fd:02 12190749                   /home/mfernandes/.m2/repository/org/glassfish/tyrus/tyrus-core/1.7/tyrus-core-1.7.jar
7fa3bc02a000-7fa3bc0fa000 rw-p 00000000 00:00 0 
7fa3bc0fa000-7fa3bc0fd000 ---p 00000000 00:00 0 
7fa3bc0fd000-7fa3bc1ff000 rw-p 00000000 00:00 0 
7fa3bc1ff000-7fa3bc201000 r--s 00007000 fd:02 12190748                   /home/mfernandes/.m2/repository/org/glassfish/tyrus/tyrus-client/1.7/tyrus-client-1.7.jar
7fa3bc201000-7fa3bc203000 r--s 00003000 fd:02 12190736                   /home/mfernandes/.m2/repository/org/glassfish/tyrus/tyrus-server/1.7/tyrus-server-1.7.jar
7fa3bc203000-7fa3bc205000 r--s 00007000 fd:02 12190652                   /home/mfernandes/.m2/repository/javax/websocket/javax.websocket-api/1.0/javax.websocket-api-1.0.jar
7fa3bc205000-7fa3bc214000 rw-p 00000000 00:00 0 
7fa3bc214000-7fa3bc21c000 rw-s 00000000 00:28 163726                     /tmp/hsperfdata_mfernandes/4477
7fa3bc21c000-7fa3bc21d000 rw-p 00000000 00:00 0 
7fa3bc21d000-7fa3bc21e000 r--p 00000000 00:00 0 
7fa3bc21e000-7fa3bc220000 rw-p 00000000 00:00 0 
7fa3bc220000-7fa3bc221000 r--p 00025000 fd:00 1321462                    /usr/lib64/ld-2.24.so
7fa3bc221000-7fa3bc222000 rw-p 00026000 fd:00 1321462                    /usr/lib64/ld-2.24.so
7fa3bc222000-7fa3bc223000 rw-p 00000000 00:00 0 
7fffa2870000-7fffa2891000 rw-p 00000000 00:00 0                          [stack]
7fffa295d000-7fffa295f000 r--p 00000000 00:00 0                          [vvar]
7fffa295f000-7fffa2961000 r-xp 00000000 00:00 0                          [vdso]
ffffffffff600000-ffffffffff601000 r-xp 00000000 00:00 0                  [vsyscall]

VM Arguments:
java_command: miqueias.com.br.testemavenserver.WebsocketsServer
java_class_path (initial): /home/mfernandes/NetBeansProjects/testemavenserver/target/classes:/home/mfernandes/.m2/repository/javax/websocket/javax.websocket-api/1.0/javax.websocket-api-1.0.jar:/home/mfernandes/.m2/repository/org/glassfish/tyrus/tyrus-server/1.7/tyrus-server-1.7.jar:/home/mfernandes/.m2/repository/org/glassfish/tyrus/tyrus-client/1.7/tyrus-client-1.7.jar:/home/mfernandes/.m2/repository/org/glassfish/tyrus/tyrus-core/1.7/tyrus-core-1.7.jar:/home/mfernandes/.m2/repository/org/glassfish/tyrus/tyrus-spi/1.7/tyrus-spi-1.7.jar:/home/mfernandes/.m2/repository/org/glassfish/tyrus/tyrus-container-grizzly-client/1.7/tyrus-container-grizzly-client-1.7.jar:/home/mfernandes/.m2/repository/org/glassfish/tyrus/tyrus-container-grizzly-server/1.7/tyrus-container-grizzly-server-1.7.jar:/home/mfernandes/.m2/repository/org/glassfish/grizzly/grizzly-framework/2.3.13/grizzly-framework-2.3.13.jar:/home/mfernandes/.m2/repository/org/glassfish/grizzly/grizzly-http-server/2.3.13/grizzly-http-server-2.3.13.jar:/home/mfernandes/.m2/repository/org/glassfish/grizzly/grizzly-http/2.3.13/grizzly-http-2.3.13.jar:/home/mfernandes/.m2/repository/com/github/lucarosellini/rJava/JRI/0.9-7/JRI-0.9-7.jar
Launcher Type: SUN_STANDARD

Environment Variables:
JAVA_HOME=/usr/lib/jvm/java-1.8.0-openjdk-1.8.0.111-5.b16.fc25.x86_64
PATH=/usr/local/bin:/usr/local/sbin:/usr/bin:/usr/sbin:/home/mfernandes/.local/bin:/home/mfernandes/bin
USERNAME=mfernandes
LD_LIBRARY_PATH=/usr/lib/jvm/java-1.8.0-openjdk-1.8.0.111-5.b16.fc25.x86_64/bin/../jre/lib/amd64:/usr/lib/jvm/java-1.8.0-openjdk-1.8.0.111-5.b16.fc25.x86_64/bin/../jre/lib/i386:/home/mfernandes/R/x86_64-redhat-linux-gnu-library/3.3/rJava/jri/:/usr/lib64/R/lib:/usr/lib64/R/bin:
SHELL=/bin/bash
DISPLAY=:0

Signal Handlers:
SIGSEGV: [libjvm.so+0xaa2610], sa_mask[0]=11111111011111111101111111111110, sa_flags=SA_RESTART|SA_SIGINFO
SIGBUS: [libjvm.so+0xaa2610], sa_mask[0]=11111111011111111101111111111110, sa_flags=SA_RESTART|SA_SIGINFO
SIGFPE: [libjvm.so+0x8c6f10], sa_mask[0]=11111111011111111101111111111110, sa_flags=SA_RESTART|SA_SIGINFO
SIGPIPE: [libjvm.so+0x8c6f10], sa_mask[0]=11111111011111111101111111111110, sa_flags=SA_RESTART|SA_SIGINFO
SIGXFSZ: [libjvm.so+0x8c6f10], sa_mask[0]=11111111011111111101111111111110, sa_flags=SA_RESTART|SA_SIGINFO
SIGILL: [libjvm.so+0x8c6f10], sa_mask[0]=11111111011111111101111111111110, sa_flags=SA_RESTART|SA_SIGINFO
SIGUSR1: SIG_DFL, sa_mask[0]=00000000000000000000000000000000, sa_flags=none
SIGUSR2: [libjvm.so+0x8c6dc0], sa_mask[0]=00100000000000000000000000000000, sa_flags=SA_RESTART|SA_SIGINFO
SIGHUP: [libjvm.so+0x8c7270], sa_mask[0]=11111111011111111101111111111110, sa_flags=SA_RESTART|SA_SIGINFO
SIGINT: SIG_IGN, sa_mask[0]=00000000000000000000000000000000, sa_flags=none
SIGTERM: [libjvm.so+0x8c7270], sa_mask[0]=11111111011111111101111111111110, sa_flags=SA_RESTART|SA_SIGINFO
SIGQUIT: [libjvm.so+0x8c7270], sa_mask[0]=11111111011111111101111111111110, sa_flags=SA_RESTART|SA_SIGINFO


---------------  S Y S T E M  ---------------

OS:Fedora release 25 (Twenty Five)

uname:Linux 4.9.3-200.fc25.x86_64 #1 SMP Fri Jan 13 01:01:13 UTC 2017 x86_64
libc:glibc 2.24 NPTL 2.24 
rlimit: STACK 8192k, CORE infinity, NPROC 11397, NOFILE 4096, AS infinity
load average:0,11 0,26 0,25

/proc/meminfo:
MemTotal:        2941092 kB
MemFree:           80608 kB
MemAvailable:     358244 kB
Buffers:           38604 kB
Cached:           554424 kB
SwapCached:         3700 kB
Active:          1901116 kB
Inactive:         720632 kB
Active(anon):    1713340 kB
Inactive(anon):   535664 kB
Active(file):     187776 kB
Inactive(file):   184968 kB
Unevictable:          16 kB
Mlocked:              16 kB
SwapTotal:       3076092 kB
SwapFree:        2966184 kB
Dirty:              2152 kB
Writeback:             0 kB
AnonPages:       2025236 kB
Mapped:           200816 kB
Shmem:            220284 kB
Slab:             137548 kB
SReclaimable:      80212 kB
SUnreclaim:        57336 kB
KernelStack:       10336 kB
PageTables:        43856 kB
NFS_Unstable:          0 kB
Bounce:                0 kB
WritebackTmp:          0 kB
CommitLimit:     4546636 kB
Committed_AS:    6291536 kB
VmallocTotal:   34359738367 kB
VmallocUsed:           0 kB
VmallocChunk:          0 kB
HardwareCorrupted:     0 kB
AnonHugePages:         0 kB
ShmemHugePages:        0 kB
ShmemPmdMapped:        0 kB
CmaTotal:              0 kB
CmaFree:               0 kB
HugePages_Total:       0
HugePages_Free:        0
HugePages_Rsvd:        0
HugePages_Surp:        0
Hugepagesize:       2048 kB
DirectMap4k:      116992 kB
DirectMap2M:     2887680 kB


CPU:total 4 (2 cores per cpu, 2 threads per core) family 6 model 37 stepping 5, cmov, cx8, fxsr, mmx, sse, sse2, sse3, ssse3, sse4.1, sse4.2, popcnt, ht, tsc, tscinvbit

/proc/cpuinfo:
processor	: 0
vendor_id	: GenuineIntel
cpu family	: 6
model		: 37
model name	: Intel(R) Core(TM) i3 CPU       M 370  @ 2.40GHz
stepping	: 5
microcode	: 0x4
cpu MHz		: 2399.000
cache size	: 3072 KB
physical id	: 0
siblings	: 4
core id		: 0
cpu cores	: 2
apicid		: 0
initial apicid	: 0
fpu		: yes
fpu_exception	: yes
cpuid level	: 11
wp		: yes
flags		: fpu vme de pse tsc msr pae mce cx8 apic sep mtrr pge mca cmov pat pse36 clflush dts acpi mmx fxsr sse sse2 ss ht tm pbe syscall nx rdtscp lm constant_tsc arch_perfmon pebs bts rep_good nopl xtopology nonstop_tsc aperfmperf eagerfpu pni dtes64 monitor ds_cpl vmx est tm2 ssse3 cx16 xtpr pdcm pcid sse4_1 sse4_2 popcnt lahf_lm tpr_shadow vnmi flexpriority ept vpid dtherm arat
bugs		:
bogomips	: 4788.74
clflush size	: 64
cache_alignment	: 64
address sizes	: 36 bits physical, 48 bits virtual
power management:

processor	: 1
vendor_id	: GenuineIntel
cpu family	: 6
model		: 37
model name	: Intel(R) Core(TM) i3 CPU       M 370  @ 2.40GHz
stepping	: 5
microcode	: 0x4
cpu MHz		: 2399.000
cache size	: 3072 KB
physical id	: 0
siblings	: 4
core id		: 0
cpu cores	: 2
apicid		: 1
initial apicid	: 1
fpu		: yes
fpu_exception	: yes
cpuid level	: 11
wp		: yes
flags		: fpu vme de pse tsc msr pae mce cx8 apic sep mtrr pge mca cmov pat pse36 clflush dts acpi mmx fxsr sse sse2 ss ht tm pbe syscall nx rdtscp lm constant_tsc arch_perfmon pebs bts rep_good nopl xtopology nonstop_tsc aperfmperf eagerfpu pni dtes64 monitor ds_cpl vmx est tm2 ssse3 cx16 xtpr pdcm pcid sse4_1 sse4_2 popcnt lahf_lm tpr_shadow vnmi flexpriority ept vpid dtherm arat
bugs		:
bogomips	: 4788.31
clflush size	: 64
cache_alignment	: 64
address sizes	: 36 bits physical, 48 bits virtual
power management:

processor	: 2
vendor_id	: GenuineIntel
cpu family	: 6
model		: 37
model name	: Intel(R) Core(TM) i3 CPU       M 370  @ 2.40GHz
stepping	: 5
microcode	: 0x4
cpu MHz		: 2399.000
cache size	: 3072 KB
physical id	: 0
siblings	: 4
core id		: 2
cpu cores	: 2
apicid		: 4
initial apicid	: 4
fpu		: yes
fpu_exception	: yes
cpuid level	: 11
wp		: yes
flags		: fpu vme de pse tsc msr pae mce cx8 apic sep mtrr pge mca cmov pat pse36 clflush dts acpi mmx fxsr sse sse2 ss ht tm pbe syscall nx rdtscp lm constant_tsc arch_perfmon pebs bts rep_good nopl xtopology nonstop_tsc aperfmperf eagerfpu pni dtes64 monitor ds_cpl vmx est tm2 ssse3 cx16 xtpr pdcm pcid sse4_1 sse4_2 popcnt lahf_lm tpr_shadow vnmi flexpriority ept vpid dtherm arat
bugs		:
bogomips	: 4788.31
clflush size	: 64
cache_alignment	: 64
address sizes	: 36 bits physical, 48 bits virtual
power management:

processor	: 3
vendor_id	: GenuineIntel
cpu family	: 6
model		: 37
model name	: Intel(R) Core(TM) i3 CPU       M 370  @ 2.40GHz
stepping	: 5
microcode	: 0x4
cpu MHz		: 2399.000
cache size	: 3072 KB
physical id	: 0
siblings	: 4
core id		: 2
cpu cores	: 2
apicid		: 5
initial apicid	: 5
fpu		: yes
fpu_exception	: yes
cpuid level	: 11
wp		: yes
flags		: fpu vme de pse tsc msr pae mce cx8 apic sep mtrr pge mca cmov pat pse36 clflush dts acpi mmx fxsr sse sse2 ss ht tm pbe syscall nx rdtscp lm constant_tsc arch_perfmon pebs bts rep_good nopl xtopology nonstop_tsc aperfmperf eagerfpu pni dtes64 monitor ds_cpl vmx est tm2 ssse3 cx16 xtpr pdcm pcid sse4_1 sse4_2 popcnt lahf_lm tpr_shadow vnmi flexpriority ept vpid dtherm arat
bugs		:
bogomips	: 4788.31
clflush size	: 64
cache_alignment	: 64
address sizes	: 36 bits physical, 48 bits virtual
power management:



Memory: 4k page, physical 2941092k(80608k free), swap 3076092k(2966184k free)

vm_info: OpenJDK 64-Bit Server VM (25.111-b16) for linux-amd64 JRE (1.8.0_111-b16), built on Jan 10 2017 15:12:25 by "mockbuild" with gcc 6.3.1 20161221 (Red Hat 6.3.1-1)

time: Sat Jan 28 03:13:21 2017
elapsed time: 150 seconds (0d 0h 2m 30s)

